d:\develop\csharp\grace\grace_pf\grace_pf\debug\grace_pf.pch
d:\develop\csharp\grace\grace_pf\grace_pf\debug\vc142.pdb
d:\develop\csharp\grace\grace_pf\grace_pf\debug\vc142.idb
d:\develop\csharp\grace\grace_pf\grace_pf\debug\pch.obj
d:\develop\csharp\grace\grace_pf\grace_pf\debug\packetfilteringcaller.obj
d:\develop\csharp\grace\grace_pf\grace_pf\debug\grace_pf.obj
d:\develop\csharp\grace\grace_pf\grace_pf\debug\stdafx.obj
d:\develop\csharp\grace\debug\grace_pf.lib
d:\develop\csharp\grace\debug\grace_pf.exp
d:\develop\csharp\grace\debug\grace_pf.ilk
d:\develop\csharp\grace\debug\grace_pf.dll
d:\develop\csharp\grace\debug\grace_pf.pdb
d:\develop\csharp\grace\grace_pf\grace_pf\debug\grace_pf.res
d:\develop\csharp\grace\grace_pf\grace_pf\debug\grace_pf.tlog\cl.command.1.tlog
d:\develop\csharp\grace\grace_pf\grace_pf\debug\grace_pf.tlog\cl.read.1.tlog
d:\develop\csharp\grace\grace_pf\grace_pf\debug\grace_pf.tlog\cl.write.1.tlog
d:\develop\csharp\grace\grace_pf\grace_pf\debug\grace_pf.tlog\grace_pf.write.1u.tlog
d:\develop\csharp\grace\grace_pf\grace_pf\debug\grace_pf.tlog\link.command.1.tlog
d:\develop\csharp\grace\grace_pf\grace_pf\debug\grace_pf.tlog\link.read.1.tlog
d:\develop\csharp\grace\grace_pf\grace_pf\debug\grace_pf.tlog\link.write.1.tlog
d:\develop\csharp\grace\grace_pf\grace_pf\debug\grace_pf.tlog\rc.command.1.tlog
d:\develop\csharp\grace\grace_pf\grace_pf\debug\grace_pf.tlog\rc.read.1.tlog
d:\develop\csharp\grace\grace_pf\grace_pf\debug\grace_pf.tlog\rc.write.1.tlog
